2025-03-06 10:35:49,141 - INFO - Loading datasets...
2025-03-06 10:35:50,864 - INFO - Merging store data with train and test...
2025-03-06 10:35:51,208 - INFO - Checking for missing values in the DataFrame.
2025-03-06 10:35:51,628 - INFO - Missing values check completed.
2025-03-06 10:35:51,688 - INFO - Handling missing values...
2025-03-06 10:35:52,323 - INFO - Checking for missing values in the DataFrame.
2025-03-06 10:35:52,694 - INFO - Missing values check completed.
2025-03-06 10:35:52,778 - INFO - Checking for missing values in the DataFrame.
2025-03-06 10:35:52,803 - INFO - Missing values check completed.
2025-03-06 10:35:52,853 - INFO - Handling missing values...
2025-03-06 10:35:52,905 - INFO - Checking for missing values in the DataFrame.
2025-03-06 10:35:52,928 - INFO - Missing values check completed.
2025-03-06 10:37:57,262 - INFO - Extracting date features...
2025-03-06 10:38:33,426 - INFO - Encoding categorical variables...
2025-03-06 10:40:03,473 - INFO - Plotting sales distribution...
2025-03-06 10:41:00,906 - INFO - Plotting sales trend...
2025-03-06 10:43:42,896 - INFO - Plotting sales by promo...
2025-03-06 10:43:44,443 - INFO - Using categorical units to plot a list of strings that are all parsable as floats or dates. If these strings should be plotted as numbers, cast to the appropriate data type before plotting.
2025-03-06 10:43:45,258 - INFO - Using categorical units to plot a list of strings that are all parsable as floats or dates. If these strings should be plotted as numbers, cast to the appropriate data type before plotting.
2025-03-06 10:44:15,085 - INFO - Plotting sales during holidays...
2025-03-06 10:44:16,311 - INFO - Using categorical units to plot a list of strings that are all parsable as floats or dates. If these strings should be plotted as numbers, cast to the appropriate data type before plotting.
2025-03-06 10:44:17,016 - INFO - Using categorical units to plot a list of strings that are all parsable as floats or dates. If these strings should be plotted as numbers, cast to the appropriate data type before plotting.
2025-03-06 14:46:43,592 - INFO - Loading datasets...
2025-03-06 14:46:44,640 - INFO - Merging store data with train and test...
2025-03-06 14:46:50,716 - INFO - Checking for missing values in the DataFrame.
2025-03-06 14:46:50,935 - INFO - Missing values check completed.
2025-03-06 14:46:55,802 - INFO - Handling missing values...
2025-03-06 14:46:59,383 - INFO - Checking for missing values in the DataFrame.
2025-03-06 14:46:59,575 - INFO - Missing values check completed.
2025-03-06 14:47:07,179 - INFO - Checking for missing values in the DataFrame.
2025-03-06 14:47:07,182 - INFO - Missing values check completed.
2025-03-06 14:47:10,483 - INFO - Handling missing values...
2025-03-06 14:47:14,994 - INFO - Checking for missing values in the DataFrame.
2025-03-06 14:47:14,996 - INFO - Missing values check completed.
2025-03-06 14:47:21,827 - INFO - Extracting date features...
2025-03-06 14:47:27,253 - INFO - Encoding categorical variables...
2025-03-06 14:51:18,507 - INFO - Loading datasets...
2025-03-06 14:51:19,601 - INFO - Merging store data with train and test...
2025-03-06 14:51:51,943 - INFO - Loading datasets...
2025-03-06 14:51:52,927 - INFO - Merging store data with train and test...
2025-03-06 14:53:00,219 - INFO - Loading datasets...
2025-03-06 14:53:00,972 - INFO - Merging store data with train and test...
2025-03-06 14:53:09,028 - INFO - Loading datasets...
2025-03-06 14:53:09,986 - INFO - Merging store data with train and test...
2025-03-06 14:53:17,062 - INFO - Checking for missing values in the DataFrame.
2025-03-06 14:53:17,239 - INFO - Missing values check completed.
2025-03-06 14:53:21,049 - INFO - Handling missing values...
2025-03-06 14:53:24,066 - INFO - Checking for missing values in the DataFrame.
2025-03-06 14:53:24,254 - INFO - Missing values check completed.
2025-03-06 14:53:33,835 - INFO - Checking for missing values in the DataFrame.
2025-03-06 14:53:33,838 - INFO - Missing values check completed.
2025-03-06 14:53:36,909 - INFO - Handling missing values...
2025-03-06 14:53:39,457 - INFO - Checking for missing values in the DataFrame.
2025-03-06 14:53:39,469 - INFO - Missing values check completed.
2025-03-06 14:53:47,571 - INFO - Extracting date features...
2025-03-06 14:53:50,932 - INFO - Encoding categorical variables...
2025-03-06 14:54:28,138 - INFO - Checking for missing values in the DataFrame.
2025-03-06 14:54:28,141 - INFO - Missing values check completed.
2025-03-06 14:55:20,082 - INFO - Handling missing values...
2025-03-06 14:55:49,630 - INFO - Handling missing values...
2025-03-06 15:00:13,975 - INFO - Loading datasets...
2025-03-06 15:00:14,875 - INFO - Merging store data with train and test...
2025-03-06 15:00:19,705 - INFO - Checking for missing values in the DataFrame.
2025-03-06 15:00:19,859 - INFO - Missing values check completed.
2025-03-06 15:00:23,753 - INFO - Handling missing values...
2025-03-06 15:00:26,671 - INFO - Checking for missing values in the DataFrame.
2025-03-06 15:00:26,875 - INFO - Missing values check completed.
2025-03-06 15:00:32,965 - INFO - Checking for missing values in the DataFrame.
2025-03-06 15:00:32,970 - INFO - Missing values check completed.
2025-03-06 15:00:36,673 - INFO - Handling missing values...
2025-03-06 15:01:18,368 - INFO - Checking for missing values in the DataFrame.
2025-03-06 15:01:18,382 - INFO - Missing values check completed.
2025-03-06 15:01:27,498 - INFO - Extracting date features...
2025-03-06 15:01:31,610 - INFO - Encoding categorical variables...
2025-03-06 15:01:41,983 - INFO - DataVisualizer initialized with training and test data.
2025-03-06 15:02:10,091 - INFO - Plotted promotion distribution.
2025-03-06 15:02:10,775 - INFO - Using categorical units to plot a list of strings that are all parsable as floats or dates. If these strings should be plotted as numbers, cast to the appropriate data type before plotting.
2025-03-06 15:02:11,192 - INFO - Using categorical units to plot a list of strings that are all parsable as floats or dates. If these strings should be plotted as numbers, cast to the appropriate data type before plotting.
2025-03-06 15:02:11,608 - INFO - Plotted sales behavior during holidays.
2025-03-06 15:02:12,490 - INFO - Using categorical units to plot a list of strings that are all parsable as floats or dates. If these strings should be plotted as numbers, cast to the appropriate data type before plotting.
2025-03-06 15:02:12,965 - INFO - Using categorical units to plot a list of strings that are all parsable as floats or dates. If these strings should be plotted as numbers, cast to the appropriate data type before plotting.
2025-03-06 15:02:13,438 - INFO - Plotted seasonal sales behavior.
2025-03-06 15:02:16,490 - INFO - Plotted sales vs customers correlation.
2025-03-06 15:02:17,482 - INFO - Using categorical units to plot a list of strings that are all parsable as floats or dates. If these strings should be plotted as numbers, cast to the appropriate data type before plotting.
2025-03-06 15:02:17,954 - INFO - Using categorical units to plot a list of strings that are all parsable as floats or dates. If these strings should be plotted as numbers, cast to the appropriate data type before plotting.
2025-03-06 15:02:18,357 - INFO - Plotted effect of promo on sales.
2025-03-06 15:02:19,246 - INFO - Using categorical units to plot a list of strings that are all parsable as floats or dates. If these strings should be plotted as numbers, cast to the appropriate data type before plotting.
2025-03-06 15:02:19,815 - INFO - Using categorical units to plot a list of strings that are all parsable as floats or dates. If these strings should be plotted as numbers, cast to the appropriate data type before plotting.
2025-03-06 15:02:20,421 - INFO - Plotted customer behavior during store openings.
2025-03-06 15:02:21,259 - INFO - Using categorical units to plot a list of strings that are all parsable as floats or dates. If these strings should be plotted as numbers, cast to the appropriate data type before plotting.
2025-03-06 15:02:21,791 - INFO - Using categorical units to plot a list of strings that are all parsable as floats or dates. If these strings should be plotted as numbers, cast to the appropriate data type before plotting.
2025-03-06 15:02:22,294 - INFO - Plotted weekday sales effect.
2025-03-06 15:02:22,294 - INFO - Completed all visualizations.
